<?xml version="1.0" encoding="UTF-8"?>
<testsuite xmlns:xsi="http://www.w3.org/2001/XMLSchema-instance" xsi:noNamespaceSchemaLocation="https://maven.apache.org/surefire/maven-surefire-plugin/xsd/surefire-test-report.xsd" name="TestSuite" time="69.424" tests="6" errors="0" skipped="4" failures="2">
  <properties>
[...]
</properties>
  <testcase name="loginSystem" classname="com.flodesk.tests.Tests" time="39.575">
    <failure message="no such element: Unable to locate element: {&quot;method&quot;:&quot;css selector&quot;,&quot;selector&quot;:&quot;.btn__loader&quot;}&#10;  (Session info: chrome=92.0.4515.159)&#10;For documentation on this error, please visit: http://seleniumhq.org/exceptions/no_such_element.html&#10;Build info: version: &apos;3.14.0&apos;, revision: &apos;aacccce0&apos;, time: &apos;2018-08-02T20:19:58.91Z&apos;&#10;System info: host: &apos;Nguyens-MacBook-Pro.local&apos;, ip: &apos;2001:ee0:4f87:15c0:d45a:6a4:e3ab:a761%en0&apos;, os.name: &apos;Mac OS X&apos;, os.arch: &apos;x86_64&apos;, os.version: &apos;10.16&apos;, java.version: &apos;15.0.2&apos;&#10;Driver info: org.openqa.selenium.chrome.ChromeDriver&#10;Capabilities {acceptInsecureCerts: false, browserName: chrome, browserVersion: 92.0.4515.159, chrome: {chromedriverVersion: 92.0.4515.107 (87a818b10553..., userDataDir: /var/folders/vg/4r5s272d5tj...}, goog:chromeOptions: {debuggerAddress: localhost:63320}, javascriptEnabled: true, networkConnectionEnabled: false, pageLoadStrategy: normal, platform: MAC, platformName: MAC, proxy: Proxy(), setWindowRect: true, strictFileInteractability: false, timeouts: {implicit: 0, pageLoad: 300000, script: 30000}, unhandledPromptBehavior: dismiss and notify, webauthn:extension:credBlob: true, webauthn:extension:largeBlob: true, webauthn:virtualAuthenticators: true}&#10;Session ID: 3d8a672bef4425a5c215283b71989668&#10;*** Element info: {Using=css selector, value=.btn__loader}" type="org.openqa.selenium.NoSuchElementException">org.openqa.selenium.NoSuchElementException: 
no such element: Unable to locate element: {"method":"css selector","selector":".btn__loader"}
  (Session info: chrome=92.0.4515.159)
For documentation on this error, please visit: http://seleniumhq.org/exceptions/no_such_element.html
Build info: version: '3.14.0', revision: 'aacccce0', time: '2018-08-02T20:19:58.91Z'
System info: host: 'Nguyens-MacBook-Pro.local', ip: '2001:ee0:4f87:15c0:d45a:6a4:e3ab:a761%en0', os.name: 'Mac OS X', os.arch: 'x86_64', os.version: '10.16', java.version: '15.0.2'
Driver info: org.openqa.selenium.chrome.ChromeDriver
Capabilities {acceptInsecureCerts: false, browserName: chrome, browserVersion: 92.0.4515.159, chrome: {chromedriverVersion: 92.0.4515.107 (87a818b10553..., userDataDir: /var/folders/vg/4r5s272d5tj...}, goog:chromeOptions: {debuggerAddress: localhost:63320}, javascriptEnabled: true, networkConnectionEnabled: false, pageLoadStrategy: normal, platform: MAC, platformName: MAC, proxy: Proxy(), setWindowRect: true, strictFileInteractability: false, timeouts: {implicit: 0, pageLoad: 300000, script: 30000}, unhandledPromptBehavior: dismiss and notify, webauthn:extension:credBlob: true, webauthn:extension:largeBlob: true, webauthn:virtualAuthenticators: true}
Session ID: 3d8a672bef4425a5c215283b71989668
*** Element info: {Using=css selector, value=.btn__loader}
	at com.flodesk.tests.Tests.loginSystem(Tests.java:26)
</failure>
    <system-out><![CDATA[[Configuration] [WARN] Detected a static method [com.flodesk.SimpleTest.base.BaseTest.setUpDriverExecutable()]. Static configuration methods can cause  unexpected behavior.
[main] INFO  BaseTest - ****Test execute in os: mac os x
[TestNG-test=Demo Folder Tests-2] INFO  LoginPage - Input user name: huy+qa@flodesk.com
[TestNG-test=Demo Folder Tests-1] INFO  LoginPage - Input user name: huy+qa@flodesk.com
[TestNG-test=Demo Folder Tests-1] INFO  LoginPage - Input password: Huy@Flodesk*
[TestNG-test=Demo Folder Tests-2] INFO  LoginPage - Input password: Huy@Flodesk*
[TestNG-test=Demo Folder Tests-1] INFO  LoginPage - Click login button
[TestNG-test=Demo Folder Tests-2] INFO  LoginPage - Click login button
[TestNG-test=Demo Folder Tests-1] INFO  BasePage - Waiting for button loader
[TestNG-test=Demo Folder Tests-2] INFO  BasePage - Waiting for button loader
]]></system-out>
    <system-err><![CDATA[SLF4J: Failed to load class "org.slf4j.impl.StaticLoggerBinder".
SLF4J: Defaulting to no-operation (NOP) logger implementation
SLF4J: See http://www.slf4j.org/codes.html#StaticLoggerBinder for further details.
StStarting CharomeDrirver t92.0.ing ChromeDriver451 59.102.0.4515.107 (7 (87a818b10553a087a8187b4310554e3a9e2b6daccf3cbe7895134-refs/bra07n43ch-he4ea9e2b6dccf3cbe7895134-refs/branch-heads/4515@{#1634}) on pads/4515@{#1634}) on port 49107
Only local connections are allowed.
Please see https://chromedrivort 33661
Only local coner.chromium.org/security-considernecatiotions are allowed.
Please see https://chromedrins for suggestions on keeping Cver.chromium.org/security-considerations for suggestions on keeping ChrohmromeDreiver safe.
ChromeDriver was started sucDriver safe.
ChromeDriver wcessfully.
as started successfully.
Aug 25, 2021 5:19:26 PM org.openqa.selenium.remote.ProtocolHandshake createSession
INFO: Detected dialect: W3C
Aug 25, 2021 5:19:26 PM org.openqa.selenium.remote.ProtocolHandshake createSession
INFO: Detected dialect: W3C
]]></system-err>
  </testcase>
  <testcase name="loginSystem" classname="com.flodesk.tests.Tests" time="29.744">
    <failure message="no such element: Unable to locate element: {&quot;method&quot;:&quot;css selector&quot;,&quot;selector&quot;:&quot;.btn__loader&quot;}&#10;  (Session info: chrome=92.0.4515.159)&#10;For documentation on this error, please visit: http://seleniumhq.org/exceptions/no_such_element.html&#10;Build info: version: &apos;3.14.0&apos;, revision: &apos;aacccce0&apos;, time: &apos;2018-08-02T20:19:58.91Z&apos;&#10;System info: host: &apos;Nguyens-MacBook-Pro.local&apos;, ip: &apos;2001:ee0:4f87:15c0:d45a:6a4:e3ab:a761%en0&apos;, os.name: &apos;Mac OS X&apos;, os.arch: &apos;x86_64&apos;, os.version: &apos;10.16&apos;, java.version: &apos;15.0.2&apos;&#10;Driver info: org.openqa.selenium.chrome.ChromeDriver&#10;Capabilities {acceptInsecureCerts: false, browserName: chrome, browserVersion: 92.0.4515.159, chrome: {chromedriverVersion: 92.0.4515.107 (87a818b10553..., userDataDir: /var/folders/vg/4r5s272d5tj...}, goog:chromeOptions: {debuggerAddress: localhost:63320}, javascriptEnabled: true, networkConnectionEnabled: false, pageLoadStrategy: normal, platform: MAC, platformName: MAC, proxy: Proxy(), setWindowRect: true, strictFileInteractability: false, timeouts: {implicit: 0, pageLoad: 300000, script: 30000}, unhandledPromptBehavior: dismiss and notify, webauthn:extension:credBlob: true, webauthn:extension:largeBlob: true, webauthn:virtualAuthenticators: true}&#10;Session ID: 3d8a672bef4425a5c215283b71989668&#10;*** Element info: {Using=css selector, value=.btn__loader}" type="org.openqa.selenium.NoSuchElementException">org.openqa.selenium.NoSuchElementException: 
no such element: Unable to locate element: {"method":"css selector","selector":".btn__loader"}
  (Session info: chrome=92.0.4515.159)
For documentation on this error, please visit: http://seleniumhq.org/exceptions/no_such_element.html
Build info: version: '3.14.0', revision: 'aacccce0', time: '2018-08-02T20:19:58.91Z'
System info: host: 'Nguyens-MacBook-Pro.local', ip: '2001:ee0:4f87:15c0:d45a:6a4:e3ab:a761%en0', os.name: 'Mac OS X', os.arch: 'x86_64', os.version: '10.16', java.version: '15.0.2'
Driver info: org.openqa.selenium.chrome.ChromeDriver
Capabilities {acceptInsecureCerts: false, browserName: chrome, browserVersion: 92.0.4515.159, chrome: {chromedriverVersion: 92.0.4515.107 (87a818b10553..., userDataDir: /var/folders/vg/4r5s272d5tj...}, goog:chromeOptions: {debuggerAddress: localhost:63320}, javascriptEnabled: true, networkConnectionEnabled: false, pageLoadStrategy: normal, platform: MAC, platformName: MAC, proxy: Proxy(), setWindowRect: true, strictFileInteractability: false, timeouts: {implicit: 0, pageLoad: 300000, script: 30000}, unhandledPromptBehavior: dismiss and notify, webauthn:extension:credBlob: true, webauthn:extension:largeBlob: true, webauthn:virtualAuthenticators: true}
Session ID: 3d8a672bef4425a5c215283b71989668
*** Element info: {Using=css selector, value=.btn__loader}
	at com.flodesk.tests.Tests.loginSystem(Tests.java:26)
</failure>
  </testcase>
  <testcase name="_1createNewFolder" classname="com.flodesk.tests.Tests" time="0">
    <skipped message="no such element: Unable to locate element: {&quot;method&quot;:&quot;css selector&quot;,&quot;selector&quot;:&quot;.btn__loader&quot;}&#10;  (Session info: chrome=92.0.4515.159)&#10;For documentation on this error, please visit: http://seleniumhq.org/exceptions/no_such_element.html&#10;Build info: version: &apos;3.14.0&apos;, revision: &apos;aacccce0&apos;, time: &apos;2018-08-02T20:19:58.91Z&apos;&#10;System info: host: &apos;Nguyens-MacBook-Pro.local&apos;, ip: &apos;2001:ee0:4f87:15c0:d45a:6a4:e3ab:a761%en0&apos;, os.name: &apos;Mac OS X&apos;, os.arch: &apos;x86_64&apos;, os.version: &apos;10.16&apos;, java.version: &apos;15.0.2&apos;&#10;Driver info: org.openqa.selenium.chrome.ChromeDriver&#10;Capabilities {acceptInsecureCerts: false, browserName: chrome, browserVersion: 92.0.4515.159, chrome: {chromedriverVersion: 92.0.4515.107 (87a818b10553..., userDataDir: /var/folders/vg/4r5s272d5tj...}, goog:chromeOptions: {debuggerAddress: localhost:63320}, javascriptEnabled: true, networkConnectionEnabled: false, pageLoadStrategy: normal, platform: MAC, platformName: MAC, proxy: Proxy(), setWindowRect: true, strictFileInteractability: false, timeouts: {implicit: 0, pageLoad: 300000, script: 30000}, unhandledPromptBehavior: dismiss and notify, webauthn:extension:credBlob: true, webauthn:extension:largeBlob: true, webauthn:virtualAuthenticators: true}&#10;Session ID: 3d8a672bef4425a5c215283b71989668&#10;*** Element info: {Using=css selector, value=.btn__loader}"/>
  </testcase>
  <testcase name="tearDown" classname="com.flodesk.tests.Tests" time="0">
    <skipped/>
  </testcase>
  <testcase name="tearDown" classname="com.flodesk.tests.Tests" time="0">
    <skipped/>
  </testcase>
  <testcase name="_2createNewFolderWithExistedName" classname="com.flodesk.tests.Tests" time="0">
    <skipped message="no such element: Unable to locate element: {&quot;method&quot;:&quot;css selector&quot;,&quot;selector&quot;:&quot;.btn__loader&quot;}&#10;  (Session info: chrome=92.0.4515.159)&#10;For documentation on this error, please visit: http://seleniumhq.org/exceptions/no_such_element.html&#10;Build info: version: &apos;3.14.0&apos;, revision: &apos;aacccce0&apos;, time: &apos;2018-08-02T20:19:58.91Z&apos;&#10;System info: host: &apos;Nguyens-MacBook-Pro.local&apos;, ip: &apos;2001:ee0:4f87:15c0:d45a:6a4:e3ab:a761%en0&apos;, os.name: &apos;Mac OS X&apos;, os.arch: &apos;x86_64&apos;, os.version: &apos;10.16&apos;, java.version: &apos;15.0.2&apos;&#10;Driver info: org.openqa.selenium.chrome.ChromeDriver&#10;Capabilities {acceptInsecureCerts: false, browserName: chrome, browserVersion: 92.0.4515.159, chrome: {chromedriverVersion: 92.0.4515.107 (87a818b10553..., userDataDir: /var/folders/vg/4r5s272d5tj...}, goog:chromeOptions: {debuggerAddress: localhost:63320}, javascriptEnabled: true, networkConnectionEnabled: false, pageLoadStrategy: normal, platform: MAC, platformName: MAC, proxy: Proxy(), setWindowRect: true, strictFileInteractability: false, timeouts: {implicit: 0, pageLoad: 300000, script: 30000}, unhandledPromptBehavior: dismiss and notify, webauthn:extension:credBlob: true, webauthn:extension:largeBlob: true, webauthn:virtualAuthenticators: true}&#10;Session ID: 3d8a672bef4425a5c215283b71989668&#10;*** Element info: {Using=css selector, value=.btn__loader}"/>
  </testcase>
</testsuite>