<?xml version="1.0" encoding="UTF-8"?>
<testng-results ignored="0" total="1" passed="1" failed="0" skipped="0">
  <reporter-output>
  </reporter-output>
  <suite started-at="2021-08-19T11:19:26 ICT" name="Default suite" finished-at="2021-08-19T11:19:42 ICT" duration-ms="16110">
    <groups>
    </groups>
    <test started-at="2021-08-19T11:19:26 ICT" name="Default test" finished-at="2021-08-19T11:19:42 ICT" duration-ms="16110">
      <class name="com.flodesk.tests.Tests">
        <test-method is-config="true" signature="setUpDriverExecutable()[pri:0, instance:com.flodesk.tests.Tests@7ce69770]" started-at="2021-08-19T11:19:24 ICT" name="setUpDriverExecutable" finished-at="2021-08-19T11:19:26 ICT" duration-ms="1271" status="PASS">
          <reporter-output>
          </reporter-output>
        </test-method> <!-- setUpDriverExecutable -->
        <test-method is-config="true" signature="setup()[pri:0, instance:com.flodesk.tests.Tests@7ce69770]" started-at="2021-08-19T11:19:26 ICT" name="setup" finished-at="2021-08-19T11:19:30 ICT" duration-ms="4775" status="PASS">
          <reporter-output>
          </reporter-output>
        </test-method> <!-- setup -->
        <test-method is-config="true" signature="loginSystem()[pri:0, instance:com.flodesk.tests.Tests@7ce69770]" started-at="2021-08-19T11:19:30 ICT" name="loginSystem" finished-at="2021-08-19T11:19:37 ICT" duration-ms="6883" status="PASS">
          <reporter-output>
          </reporter-output>
        </test-method> <!-- loginSystem -->
        <test-method signature="createNewFolder()[pri:1, instance:com.flodesk.tests.Tests@7ce69770]" started-at="2021-08-19T11:19:37 ICT" name="createNewFolder" finished-at="2021-08-19T11:19:41 ICT" duration-ms="4138" status="PASS">
          <reporter-output>
          </reporter-output>
        </test-method> <!-- createNewFolder -->
        <test-method is-config="true" signature="tearDown()[pri:0, instance:com.flodesk.tests.Tests@7ce69770]" started-at="2021-08-19T11:19:41 ICT" name="tearDown" finished-at="2021-08-19T11:19:42 ICT" duration-ms="204" status="PASS">
          <reporter-output>
          </reporter-output>
        </test-method> <!-- tearDown -->
      </class> <!-- com.flodesk.tests.Tests -->
    </test> <!-- Default test -->
  </suite> <!-- Default suite -->
</testng-results>
